[INFO ] 2024-07-03 12:13:13.471 [main] MyStoreV1 - Url opened
[INFO ] 2024-07-03 12:13:14.518 [main] MyStoreV1 - Clicked on SignIn button
[INFO ] 2024-07-03 12:13:14.653 [main] MyStoreV1 - Email address entered.
[INFO ] 2024-07-03 12:13:14.735 [main] MyStoreV1 - Password entered
[INFO ] 2024-07-03 12:13:15.740 [main] MyStoreV1 - click on submit button
[INFO ] 2024-07-03 12:13:15.777 [main] MyStoreV1 - Verify user name passed
[INFO ] 2024-07-03 15:27:59.876 [main] MyStoreV1 - Url opened
[INFO ] 2024-07-03 15:29:56.882 [main] MyStoreV1 - Url opened
[INFO ] 2024-07-03 15:31:09.880 [main] MyStoreV1 - Url opened
[INFO ] 2024-07-03 15:31:11.829 [main] MyStoreV1 - Clicked on SignIn button
[INFO ] 2024-07-03 15:31:11.936 [main] MyStoreV1 - Email address entered.
[INFO ] 2024-07-03 15:31:11.997 [main] MyStoreV1 - Password entered
[INFO ] 2024-07-03 15:31:13.302 [main] MyStoreV1 - click on submit button
[INFO ] 2024-07-03 15:31:13.326 [main] MyStoreV1 - Verify user name passed
[INFO ] 2024-07-03 15:31:15.812 [main] MyStoreV1 - Clicked on SignIn button
[INFO ] 2024-07-03 15:31:15.880 [main] MyStoreV1 - Email address entered.
[INFO ] 2024-07-03 15:31:15.931 [main] MyStoreV1 - Password entered
[INFO ] 2024-07-03 15:31:16.793 [main] MyStoreV1 - click on submit button
[INFO ] 2024-07-03 15:31:16.811 [main] MyStoreV1 - Verfiy user named failed
[INFO ] 2024-07-04 10:34:06.196 [main] MyStoreV1 - Url opened
[INFO ] 2024-07-04 10:34:09.063 [main] MyStoreV1 - Clicked on SignIn button
[INFO ] 2024-07-04 10:34:09.215 [main] MyStoreV1 - Email address entered.
[INFO ] 2024-07-04 10:34:09.298 [main] MyStoreV1 - Password entered
[INFO ] 2024-07-04 10:34:10.381 [main] MyStoreV1 - click on submit button
[INFO ] 2024-07-04 10:34:10.422 [main] MyStoreV1 - Verify user name passed
[INFO ] 2024-07-04 10:34:12.062 [main] MyStoreV1 - Clicked on SignIn button
[INFO ] 2024-07-04 10:34:12.177 [main] MyStoreV1 - Email address entered.
[INFO ] 2024-07-04 10:34:12.258 [main] MyStoreV1 - Password entered
[INFO ] 2024-07-04 10:34:12.990 [main] MyStoreV1 - click on submit button
[INFO ] 2024-07-04 10:34:13.020 [main] MyStoreV1 - Verfiy user named failed
[INFO ] 2024-07-04 10:38:36.201 [main] MyStoreV1 - Url opened
[INFO ] 2024-07-04 10:38:37.952 [main] MyStoreV1 - Clicked on SignIn button
[INFO ] 2024-07-04 10:38:38.068 [main] MyStoreV1 - Email address entered.
[INFO ] 2024-07-04 10:38:38.162 [main] MyStoreV1 - Password entered
[INFO ] 2024-07-04 10:38:39.272 [main] MyStoreV1 - click on submit button
[INFO ] 2024-07-04 10:38:39.305 [main] MyStoreV1 - Verify user name passed
[INFO ] 2024-07-04 10:38:41.235 [main] MyStoreV1 - Clicked on SignIn button
[INFO ] 2024-07-04 10:38:41.320 [main] MyStoreV1 - Email address entered.
[INFO ] 2024-07-04 10:38:41.398 [main] MyStoreV1 - Password entered
[INFO ] 2024-07-04 10:38:42.190 [main] MyStoreV1 - click on submit button
[INFO ] 2024-07-04 10:38:42.221 [main] MyStoreV1 - Verfiy user named failed
